0 verbose cli C:\Program Files\nodejs\node.exe C:\Program Files\nodejs\node_modules\npm\bin\npm-cli.js
1 info using npm@10.2.4
2 info using node@v21.6.0
3 timing npm:load:whichnode Completed in 5ms
4 timing config:load:defaults Completed in 4ms
5 timing config:load:file:C:\Program Files\nodejs\node_modules\npm\npmrc Completed in 10ms
6 timing config:load:builtin Completed in 10ms
7 timing config:load:cli Completed in 5ms
8 timing config:load:env Completed in 1ms
9 timing config:load:file:C:\Users\Udit Sharma\Desktop\Netflixgt\nextflix\.npmrc Completed in 0ms
10 timing config:load:project Completed in 11ms
11 timing config:load:file:C:\Users\Udit Sharma\.npmrc Completed in 1ms
12 timing config:load:user Completed in 1ms
13 timing config:load:file:C:\Users\Udit Sharma\AppData\Roaming\npm\etc\npmrc Completed in 1ms
14 timing config:load:global Completed in 1ms
15 timing config:load:setEnvs Completed in 3ms
16 timing config:load Completed in 38ms
17 timing npm:load:configload Completed in 39ms
18 timing config:load:flatten Completed in 6ms
19 timing npm:load:mkdirpcache Completed in 1ms
20 timing npm:load:mkdirplogs Completed in 1ms
21 verbose title npm start
22 verbose argv "start"
23 timing npm:load:setTitle Completed in 2ms
24 timing npm:load:display Completed in 1ms
25 verbose logfile logs-max:10 dir:C:\Users\Udit Sharma\Desktop\Netflixgt\nextflix\_logs\2024-04-26T05_54_03_944Z-
26 verbose logfile C:\Users\Udit Sharma\Desktop\Netflixgt\nextflix\_logs\2024-04-26T05_54_03_944Z-debug-0.log
27 timing npm:load:logFile Completed in 39ms
28 timing npm:load:timers Completed in 0ms
29 timing npm:load:configScope Completed in 3ms
30 timing npm:load Completed in 179ms
31 silly logfile done cleaning log files
32 timing command:run-script Completed in 16469379ms
33 timing command:start Completed in 16469467ms
34 verbose exit 3221225786
35 timing npm Completed in 16469954ms
36 verbose code 3221225786
